<?xml version="1.0" encoding="UTF-8"?>
<!-- Generated by org.testng.reporters.JUnitReportReporter -->
<testsuite hostname="DESKTOP-OUS321L" failures="0" tests="1" name="testCases.TC001_LocatorLearning" time="27.112" errors="0" timestamp="2022-06-16T18:02:04 PDT" skipped="0">
  <testcase classname="testCases.TC001_LocatorLearning" name="LocatorLearning" time="27.112"/>
  <system-out/>
</testsuite> <!-- testCases.TC001_LocatorLearning -->
